TN:
SF:app.js
FN:31,(anonymous_0)
FN:39,(anonymous_1)
FN:48,(anonymous_2)
FNF:3
FNH:0
FNDA:0,(anonymous_0)
FNDA:0,(anonymous_1)
FNDA:0,(anonymous_2)
DA:9,3
DA:11,3
DA:12,3
DA:15,3
DA:16,0
DA:17,0
DA:21,3
DA:22,3
DA:25,3
DA:26,3
DA:29,3
DA:31,3
DA:32,0
DA:39,3
DA:40,0
DA:47,3
DA:48,0
DA:49,0
LF:18
LH:12
BRDA:12,0,0,3
BRDA:12,0,1,0
BRDA:15,1,0,0
BRDA:15,1,1,3
BRDA:47,2,0,0
BRDA:47,2,1,3
BRF:6
BRH:3
end_of_record
TN:
SF:database\database.js
FN:3,(anonymous_0)
FNF:1
FNH:0
FNDA:0,(anonymous_0)
DA:3,3
DA:4,0
DA:5,0
DA:7,0
DA:8,0
DA:12,0
DA:13,0
DA:15,0
DA:18,0
DA:19,0
DA:20,0
LF:11
LH:1
BRDA:7,0,0,0
BRDA:7,0,1,0
BRDA:12,1,0,0
BRDA:12,1,1,0
BRDA:19,2,0,0
BRDA:19,2,1,0
BRF:6
BRH:0
end_of_record
TN:
SF:middleware\authMiddleware.js
FN:4,(anonymous_0)
FNF:1
FNH:1
FNDA:51,(anonymous_0)
DA:4,3
DA:5,51
DA:6,51
DA:7,51
DA:8,5
DA:11,46
DA:12,46
DA:14,43
DA:15,43
DA:16,1
DA:19,42
DA:20,42
DA:22,3
LF:13
LH:13
BRDA:7,0,0,5
BRDA:7,0,1,46
BRDA:7,1,0,51
BRDA:7,1,1,47
BRDA:15,2,0,1
BRDA:15,2,1,42
BRF:6
BRH:6
end_of_record
TN:
SF:middleware\errorMiddleware.js
FN:1,(anonymous_0)
FN:6,(anonymous_1)
FNF:2
FNH:0
FNDA:0,(anonymous_0)
FNDA:0,(anonymous_1)
DA:1,3
DA:2,0
DA:5,0
DA:6,0
DA:7,0
DA:11,0
DA:12,0
DA:13,0
DA:17,0
DA:18,0
DA:21,0
DA:22,0
DA:26,0
LF:13
LH:1
BRDA:5,0,0,0
BRDA:5,0,1,0
BRDA:11,1,0,0
BRDA:11,1,1,0
BRDA:17,2,0,0
BRDA:17,2,1,0
BRDA:21,3,0,0
BRDA:21,3,1,0
BRDA:26,4,0,0
BRDA:26,4,1,0
BRDA:27,5,0,0
BRDA:27,5,1,0
BRF:12
BRH:0
end_of_record
TN:
SF:middleware\roleMiddleware.js
FN:1,(anonymous_0)
FN:2,(anonymous_1)
FNF:2
FNH:2
FNDA:12,(anonymous_0)
FNDA:15,(anonymous_1)
DA:1,3
DA:2,12
DA:3,15
DA:4,0
DA:7,15
DA:8,3
DA:13,12
LF:7
LH:6
BRDA:3,0,0,0
BRDA:3,0,1,15
BRDA:7,1,0,3
BRDA:7,1,1,12
BRF:4
BRH:3
end_of_record
TN:
SF:middleware\validation.js
FN:3,(anonymous_0)
FN:17,(anonymous_1)
FN:27,(anonymous_2)
FN:34,(anonymous_3)
FNF:4
FNH:2
FNDA:8,(anonymous_0)
FNDA:10,(anonymous_1)
FNDA:0,(anonymous_2)
FNDA:0,(anonymous_3)
DA:3,3
DA:4,8
DA:6,8
DA:7,3
DA:10,5
DA:11,2
DA:14,3
DA:17,3
DA:18,10
DA:20,10
DA:21,6
DA:24,4
DA:27,3
DA:28,0
DA:30,0
DA:31,0
DA:34,0
DA:35,0
DA:36,0
DA:39,0
LF:20
LH:13
BRDA:6,0,0,3
BRDA:6,0,1,5
BRDA:6,1,0,8
BRDA:6,1,1,6
BRDA:10,2,0,2
BRDA:10,2,1,3
BRDA:20,3,0,6
BRDA:20,3,1,4
BRDA:30,4,0,0
BRDA:30,4,1,0
BRDA:30,5,0,0
BRDA:30,5,1,0
BRDA:30,5,2,0
BRDA:35,6,0,0
BRDA:35,6,1,0
BRF:15
BRH:8
end_of_record
TN:
SF:models\todo.js
FN:51,(anonymous_0)
FNF:1
FNH:0
FNDA:0,(anonymous_0)
DA:3,3
DA:51,3
DA:52,0
DA:55,3
LF:4
LH:3
BRF:0
BRH:0
end_of_record
TN:
SF:models\user.js
FN:43,(anonymous_0)
FN:49,(anonymous_1)
FNF:2
FNH:2
FNDA:272,(anonymous_0)
FNDA:136,(anonymous_1)
DA:4,3
DA:43,3
DA:44,272
DA:45,135
DA:46,135
DA:49,3
DA:50,136
DA:53,3
LF:8
LH:8
BRDA:44,0,0,137
BRDA:44,0,1,135
BRF:2
BRH:2
end_of_record
TN:
SF:routes\auth.js
FN:9,(anonymous_0)
FN:17,(anonymous_1)
FN:24,(anonymous_2)
FN:55,(anonymous_3)
FN:103,(anonymous_4)
FN:109,(anonymous_5)
FN:124,(anonymous_6)
FN:143,(anonymous_7)
FNF:8
FNH:6
FNDA:132,(anonymous_0)
FNDA:132,(anonymous_1)
FNDA:14,(anonymous_2)
FNDA:138,(anonymous_3)
FNDA:0,(anonymous_4)
FNDA:1,(anonymous_5)
FNDA:0,(anonymous_6)
FNDA:1,(anonymous_7)
DA:6,3
DA:9,3
DA:10,132
DA:17,3
DA:18,132
DA:24,3
DA:25,14
DA:26,14
DA:29,14
DA:30,14
DA:31,2
DA:37,12
DA:38,12
DA:39,0
DA:42,12
DA:43,12
DA:45,12
DA:47,0
DA:48,0
DA:50,0
DA:55,3
DA:56,138
DA:57,138
DA:59,138
DA:62,138
DA:65,137
DA:66,1
DA:71,136
DA:72,136
DA:73,4
DA:75,4
DA:76,1
DA:77,1
DA:78,1
DA:83,3
DA:84,3
DA:88,132
DA:89,132
DA:90,132
DA:92,132
DA:93,132
DA:95,132
DA:96,132
DA:98,0
DA:103,3
DA:104,0
DA:105,0
DA:109,3
DA:110,1
DA:111,1
DA:112,1
DA:113,1
DA:114,1
DA:116,1
DA:117,1
DA:119,0
DA:124,3
DA:125,0
DA:126,0
DA:128,0
DA:129,0
DA:130,0
DA:133,0
DA:134,0
DA:136,0
DA:138,0
DA:143,3
DA:144,1
DA:145,1
DA:146,1
DA:148,0
LF:71
LH:53
BRDA:30,0,0,2
BRDA:30,0,1,12
BRDA:38,1,0,0
BRDA:38,1,1,12
BRDA:47,2,0,0
BRDA:47,2,1,0
BRDA:62,3,0,1
BRDA:62,3,1,137
BRDA:65,4,0,1
BRDA:65,4,1,136
BRDA:65,5,0,137
BRDA:65,5,1,1
BRDA:72,6,0,4
BRDA:72,6,1,132
BRDA:75,7,0,1
BRDA:75,7,1,3
BRDA:112,8,0,1
BRDA:112,8,1,0
BRDA:113,9,0,1
BRDA:113,9,1,1
BRDA:129,10,0,0
BRDA:129,10,1,0
BRF:22
BRH:16
end_of_record
TN:
SF:routes\router.js
FN:13,(anonymous_0)
FN:24,(anonymous_1)
FN:45,(anonymous_2)
FN:85,(anonymous_3)
FN:123,(anonymous_4)
FN:146,(anonymous_5)
FN:160,(anonymous_6)
FN:172,(anonymous_7)
FN:208,(anonymous_8)
FNF:9
FNH:8
FNDA:1,(anonymous_0)
FNDA:3,(anonymous_1)
FNDA:10,(anonymous_2)
FNDA:2,(anonymous_3)
FNDA:4,(anonymous_4)
FNDA:0,(anonymous_5)
FNDA:1,(anonymous_6)
FNDA:3,(anonymous_7)
FNDA:5,(anonymous_8)
DA:8,3
DA:13,3
DA:14,1
DA:19,3
DA:25,3
DA:26,3
DA:34,3
DA:35,3
DA:37,0
DA:45,3
DA:46,10
DA:47,10
DA:49,10
DA:52,10
DA:54,9
DA:55,1
DA:60,8
DA:64,10
DA:65,10
DA:66,10
DA:67,10
DA:69,10
DA:70,0
DA:74,10
DA:75,1
DA:82,10
DA:83,10
DA:84,2
DA:85,2
DA:86,2
DA:87,1
DA:89,1
DA:93,8
DA:97,10
DA:98,10
DA:99,10
DA:101,10
DA:107,10
DA:109,10
DA:117,0
DA:123,3
DA:124,4
DA:125,4
DA:126,4
DA:128,3
DA:132,1
DA:137,2
DA:138,2
DA:140,0
DA:146,3
DA:147,0
DA:148,0
DA:149,0
DA:150,0
DA:155,0
DA:160,3
DA:161,1
DA:162,1
DA:163,1
DA:164,1
DA:166,0
DA:172,3
DA:173,3
DA:174,3
DA:175,3
DA:177,3
DA:178,3
DA:181,2
DA:182,1
DA:185,1
DA:186,1
DA:187,1
DA:190,1
DA:196,1
DA:198,1
DA:203,0
DA:208,3
DA:209,5
DA:210,5
DA:211,5
DA:213,5
DA:216,4
DA:221,1
DA:224,3
DA:225,3
DA:226,3
DA:227,3
DA:229,3
DA:231,0
LF:89
LH:77
BRDA:52,0,0,1
BRDA:52,0,1,9
BRDA:54,1,0,1
BRDA:54,1,1,8
BRDA:64,2,0,1
BRDA:64,2,1,9
BRDA:65,3,0,1
BRDA:65,3,1,9
BRDA:66,4,0,0
BRDA:66,4,1,10
BRDA:67,5,0,0
BRDA:67,5,1,10
BRDA:69,6,0,0
BRDA:69,6,1,10
BRDA:69,7,0,10
BRDA:69,7,1,0
BRDA:74,8,0,1
BRDA:74,8,1,9
BRDA:83,9,0,2
BRDA:83,9,1,8
BRDA:86,10,0,1
BRDA:86,10,1,1
BRDA:97,11,0,10
BRDA:97,11,1,9
BRDA:98,12,0,10
BRDA:98,12,1,9
BRDA:126,13,0,1
BRDA:126,13,1,3
BRDA:128,14,0,1
BRDA:128,14,1,2
BRDA:129,15,0,3
BRDA:129,15,1,2
BRDA:178,16,0,1
BRDA:178,16,1,2
BRDA:181,17,0,1
BRDA:181,17,1,1
BRDA:181,18,0,2
BRDA:181,18,1,2
BRDA:213,19,0,1
BRDA:213,19,1,4
BRDA:216,20,0,1
BRDA:216,20,1,3
BRDA:217,21,0,4
BRDA:217,21,1,3
BRDA:217,21,2,2
BRF:45
BRH:41
end_of_record
